{"C:\\Users\\Asavi\\Documents\\GitHub\\Shoku\\listings\\authentic.js":{"path":"C:\\Users\\Asavi\\Documents\\GitHub\\Shoku\\listings\\authentic.js","s":{"1":1,"2":1,"3":1,"4":1,"5":1,"6":1,"7":1,"8":10,"9":10,"10":0,"11":10,"12":0,"13":10},"b":{"1":[1,1],"2":[1,1],"3":[1,1],"4":[5,5],"5":[10,0],"6":[0,10],"7":[10,10,10,10,10,10,10],"8":[0,10],"9":[10,10]},"f":{"1":1,"2":1},"fnMap":{"1":{"name":"authenticGet","line":8,"loc":{"start":{"line":8,"column":0},"end":{"line":8,"column":25}}},"2":{"name":"authenticParse","line":20,"loc":{"start":{"line":20,"column":0},"end":{"line":20,"column":29}}}},"statementMap":{"1":{"start":{"line":2,"column":0},"end":{"line":2,"column":60}},"2":{"start":{"line":8,"column":0},"end":{"line":13,"column":1}},"3":{"start":{"line":9,"column":2},"end":{"line":11,"column":106}},"4":{"start":{"line":12,"column":2},"end":{"line":12,"column":52}},"5":{"start":{"line":12,"column":35},"end":{"line":12,"column":50}},"6":{"start":{"line":20,"column":0},"end":{"line":33,"column":1}},"7":{"start":{"line":21,"column":2},"end":{"line":32,"column":9}},"8":{"start":{"line":22,"column":4},"end":{"line":28,"column":20}},"9":{"start":{"line":29,"column":4},"end":{"line":29,"column":92}},"10":{"start":{"line":29,"column":80},"end":{"line":29,"column":92}},"11":{"start":{"line":30,"column":4},"end":{"line":30,"column":87}},"12":{"start":{"line":30,"column":75},"end":{"line":30,"column":87}},"13":{"start":{"line":31,"column":4},"end":{"line":31,"column":81}}},"branchMap":{"1":{"line":9,"type":"binary-expr","locations":[{"start":{"line":9,"column":16},"end":{"line":9,"column":23}},{"start":{"line":9,"column":27},"end":{"line":9,"column":45}}]},"2":{"line":10,"type":"binary-expr","locations":[{"start":{"line":10,"column":13},"end":{"line":10,"column":34}},{"start":{"line":10,"column":38},"end":{"line":10,"column":72}}]},"3":{"line":12,"type":"binary-expr","locations":[{"start":{"line":12,"column":38},"end":{"line":12,"column":41}},{"start":{"line":12,"column":45},"end":{"line":12,"column":49}}]},"4":{"line":25,"type":"cond-expr","locations":[{"start":{"line":25,"column":37},"end":{"line":25,"column":45}},{"start":{"line":25,"column":48},"end":{"line":25,"column":73}}]},"5":{"line":27,"type":"binary-expr","locations":[{"start":{"line":27,"column":14},"end":{"line":27,"column":38}},{"start":{"line":27,"column":42},"end":{"line":27,"column":51}}]},"6":{"line":29,"type":"if","locations":[{"start":{"line":29,"column":4},"end":{"line":29,"column":4}},{"start":{"line":29,"column":4},"end":{"line":29,"column":4}}]},"7":{"line":29,"type":"binary-expr","locations":[{"start":{"line":29,"column":7},"end":{"line":29,"column":15}},{"start":{"line":29,"column":19},"end":{"line":29,"column":27}},{"start":{"line":29,"column":31},"end":{"line":29,"column":36}},{"start":{"line":29,"column":40},"end":{"line":29,"column":49}},{"start":{"line":29,"column":53},"end":{"line":29,"column":60}},{"start":{"line":29,"column":64},"end":{"line":29,"column":70}},{"start":{"line":29,"column":74},"end":{"line":29,"column":78}}]},"8":{"line":30,"type":"if","locations":[{"start":{"line":30,"column":4},"end":{"line":30,"column":4}},{"start":{"line":30,"column":4},"end":{"line":30,"column":4}}]},"9":{"line":30,"type":"binary-expr","locations":[{"start":{"line":30,"column":7},"end":{"line":30,"column":25}},{"start":{"line":30,"column":29},"end":{"line":30,"column":73}}]}}},"C:\\Users\\Asavi\\Documents\\GitHub\\Shoku\\listings\\coroflot.js":{"path":"C:\\Users\\Asavi\\Documents\\GitHub\\Shoku\\listings\\coroflot.js","s":{"1":1,"2":1,"3":1,"4":1,"5":1,"6":1,"7":0,"8":1,"9":1,"10":30,"11":30,"12":30,"13":1,"14":1,"15":30,"16":30,"17":0,"18":30,"19":0,"20":30,"21":1,"22":1,"23":30},"b":{"1":[0,1],"2":[1,1,1],"3":[0,30],"4":[30,30,30,30,30,30,30],"5":[0,30],"6":[30,30],"7":[1,29]},"f":{"1":1,"2":1,"3":1},"fnMap":{"1":{"name":"coroflotGet","line":12,"loc":{"start":{"line":12,"column":0},"end":{"line":12,"column":24}}},"2":{"name":"coroflotParse","line":31,"loc":{"start":{"line":31,"column":0},"end":{"line":31,"column":28}}},"3":{"name":"Wait","line":47,"loc":{"start":{"line":47,"column":0},"end":{"line":47,"column":28}}}},"statementMap":{"1":{"start":{"line":1,"column":0},"end":{"line":3,"column":31}},"2":{"start":{"line":6,"column":0},"end":{"line":6,"column":58}},"3":{"start":{"line":12,"column":0},"end":{"line":24,"column":1}},"4":{"start":{"line":13,"column":2},"end":{"line":13,"column":70}},"5":{"start":{"line":14,"column":2},"end":{"line":23,"column":5}},"6":{"start":{"line":15,"column":4},"end":{"line":15,"column":90}},"7":{"start":{"line":15,"column":50},"end":{"line":15,"column":90}},"8":{"start":{"line":16,"column":4},"end":{"line":16,"column":54}},"9":{"start":{"line":17,"column":4},"end":{"line":22,"column":7}},"10":{"start":{"line":18,"column":6},"end":{"line":21,"column":9}},"11":{"start":{"line":19,"column":8},"end":{"line":19,"column":77}},"12":{"start":{"line":20,"column":8},"end":{"line":20,"column":18}},"13":{"start":{"line":31,"column":0},"end":{"line":45,"column":1}},"14":{"start":{"line":32,"column":2},"end":{"line":44,"column":9}},"15":{"start":{"line":33,"column":4},"end":{"line":40,"column":21}},"16":{"start":{"line":41,"column":4},"end":{"line":41,"column":92}},"17":{"start":{"line":41,"column":80},"end":{"line":41,"column":92}},"18":{"start":{"line":42,"column":4},"end":{"line":42,"column":87}},"19":{"start":{"line":42,"column":75},"end":{"line":42,"column":87}},"20":{"start":{"line":43,"column":4},"end":{"line":43,"column":81}},"21":{"start":{"line":47,"column":0},"end":{"line":49,"column":1}},"22":{"start":{"line":48,"column":2},"end":{"line":48,"column":87}},"23":{"start":{"line":48,"column":17},"end":{"line":48,"column":86}}},"branchMap":{"1":{"line":15,"type":"if","locations":[{"start":{"line":15,"column":4},"end":{"line":15,"column":4}},{"start":{"line":15,"column":4},"end":{"line":15,"column":4}}]},"2":{"line":15,"type":"binary-expr","locations":[{"start":{"line":15,"column":7},"end":{"line":15,"column":12}},{"start":{"line":15,"column":16},"end":{"line":15,"column":26}},{"start":{"line":15,"column":30},"end":{"line":15,"column":48}}]},"3":{"line":41,"type":"if","locations":[{"start":{"line":41,"column":4},"end":{"line":41,"column":4}},{"start":{"line":41,"column":4},"end":{"line":41,"column":4}}]},"4":{"line":41,"type":"binary-expr","locations":[{"start":{"line":41,"column":7},"end":{"line":41,"column":15}},{"start":{"line":41,"column":19},"end":{"line":41,"column":27}},{"start":{"line":41,"column":31},"end":{"line":41,"column":36}},{"start":{"line":41,"column":40},"end":{"line":41,"column":49}},{"start":{"line":41,"column":53},"end":{"line":41,"column":60}},{"start":{"line":41,"column":64},"end":{"line":41,"column":70}},{"start":{"line":41,"column":74},"end":{"line":41,"column":78}}]},"5":{"line":42,"type":"if","locations":[{"start":{"line":42,"column":4},"end":{"line":42,"column":4}},{"start":{"line":42,"column":4},"end":{"line":42,"column":4}}]},"6":{"line":42,"type":"binary-expr","locations":[{"start":{"line":42,"column":7},"end":{"line":42,"column":25}},{"start":{"line":42,"column":29},"end":{"line":42,"column":73}}]},"7":{"line":48,"type":"cond-expr","locations":[{"start":{"line":48,"column":45},"end":{"line":48,"column":68}},{"start":{"line":48,"column":71},"end":{"line":48,"column":86}}]}}},"C:\\Users\\Asavi\\Documents\\GitHub\\Shoku\\listings\\dribbble.js":{"path":"C:\\Users\\Asavi\\Documents\\GitHub\\Shoku\\listings\\dribbble.js","s":{"1":1,"2":1,"3":1,"4":1,"5":1,"6":1,"7":1,"8":171,"9":171,"10":11,"11":160,"12":20,"13":140},"b":{"1":[1,1],"2":[1,1,0],"3":[160,11],"4":[2,169],"5":[11,160],"6":[171,171,171,171,160,160,160],"7":[20,140],"8":[160,160]},"f":{"1":1,"2":1},"fnMap":{"1":{"name":"dribbbleGet","line":8,"loc":{"start":{"line":8,"column":0},"end":{"line":8,"column":24}}},"2":{"name":"dribbbleParse","line":19,"loc":{"start":{"line":19,"column":0},"end":{"line":19,"column":28}}}},"statementMap":{"1":{"start":{"line":2,"column":0},"end":{"line":2,"column":58}},"2":{"start":{"line":8,"column":0},"end":{"line":12,"column":1}},"3":{"start":{"line":9,"column":2},"end":{"line":10,"column":42}},"4":{"start":{"line":11,"column":2},"end":{"line":11,"column":72}},"5":{"start":{"line":11,"column":31},"end":{"line":11,"column":70}},"6":{"start":{"line":19,"column":0},"end":{"line":35,"column":1}},"7":{"start":{"line":20,"column":2},"end":{"line":34,"column":9}},"8":{"start":{"line":21,"column":4},"end":{"line":30,"column":21}},"9":{"start":{"line":31,"column":4},"end":{"line":31,"column":92}},"10":{"start":{"line":31,"column":80},"end":{"line":31,"column":92}},"11":{"start":{"line":32,"column":4},"end":{"line":32,"column":87}},"12":{"start":{"line":32,"column":75},"end":{"line":32,"column":87}},"13":{"start":{"line":33,"column":4},"end":{"line":33,"column":81}}},"branchMap":{"1":{"line":9,"type":"binary-expr","locations":[{"start":{"line":9,"column":17},"end":{"line":9,"column":25}},{"start":{"line":9,"column":29},"end":{"line":9,"column":59}}]},"2":{"line":11,"type":"binary-expr","locations":[{"start":{"line":11,"column":34},"end":{"line":11,"column":37}},{"start":{"line":11,"column":41},"end":{"line":11,"column":45}},{"start":{"line":11,"column":49},"end":{"line":11,"column":69}}]},"3":{"line":22,"type":"cond-expr","locations":[{"start":{"line":22,"column":53},"end":{"line":22,"column":59}},{"start":{"line":22,"column":62},"end":{"line":22,"column":73}}]},"4":{"line":27,"type":"cond-expr","locations":[{"start":{"line":27,"column":41},"end":{"line":27,"column":73}},{"start":{"line":27,"column":76},"end":{"line":27,"column":89}}]},"5":{"line":31,"type":"if","locations":[{"start":{"line":31,"column":4},"end":{"line":31,"column":4}},{"start":{"line":31,"column":4},"end":{"line":31,"column":4}}]},"6":{"line":31,"type":"binary-expr","locations":[{"start":{"line":31,"column":7},"end":{"line":31,"column":15}},{"start":{"line":31,"column":19},"end":{"line":31,"column":27}},{"start":{"line":31,"column":31},"end":{"line":31,"column":36}},{"start":{"line":31,"column":40},"end":{"line":31,"column":49}},{"start":{"line":31,"column":53},"end":{"line":31,"column":60}},{"start":{"line":31,"column":64},"end":{"line":31,"column":70}},{"start":{"line":31,"column":74},"end":{"line":31,"column":78}}]},"7":{"line":32,"type":"if","locations":[{"start":{"line":32,"column":4},"end":{"line":32,"column":4}},{"start":{"line":32,"column":4},"end":{"line":32,"column":4}}]},"8":{"line":32,"type":"binary-expr","locations":[{"start":{"line":32,"column":7},"end":{"line":32,"column":25}},{"start":{"line":32,"column":29},"end":{"line":32,"column":73}}]}}},"C:\\Users\\Asavi\\Documents\\GitHub\\Shoku\\listings\\github.js":{"path":"C:\\Users\\Asavi\\Documents\\GitHub\\Shoku\\listings\\github.js","s":{"1":1,"2":1,"3":1,"4":1,"5":1,"6":1,"7":1,"8":50,"9":50,"10":0,"11":50,"12":5,"13":45},"b":{"1":[1,1],"2":[1,1],"3":[0,50],"4":[50,50,50,50,50,50,50],"5":[5,45],"6":[50,50,50]},"f":{"1":1,"2":1},"fnMap":{"1":{"name":"githubGet","line":8,"loc":{"start":{"line":8,"column":0},"end":{"line":8,"column":22}}},"2":{"name":"githubParse","line":19,"loc":{"start":{"line":19,"column":0},"end":{"line":19,"column":26}}}},"statementMap":{"1":{"start":{"line":2,"column":0},"end":{"line":2,"column":54}},"2":{"start":{"line":8,"column":0},"end":{"line":12,"column":1}},"3":{"start":{"line":9,"column":2},"end":{"line":10,"column":51}},"4":{"start":{"line":11,"column":2},"end":{"line":11,"column":52}},"5":{"start":{"line":11,"column":35},"end":{"line":11,"column":50}},"6":{"start":{"line":19,"column":0},"end":{"line":32,"column":1}},"7":{"start":{"line":20,"column":2},"end":{"line":31,"column":9}},"8":{"start":{"line":21,"column":4},"end":{"line":27,"column":20}},"9":{"start":{"line":28,"column":4},"end":{"line":28,"column":92}},"10":{"start":{"line":28,"column":80},"end":{"line":28,"column":92}},"11":{"start":{"line":29,"column":4},"end":{"line":29,"column":108}},"12":{"start":{"line":29,"column":96},"end":{"line":29,"column":108}},"13":{"start":{"line":30,"column":4},"end":{"line":30,"column":81}}},"branchMap":{"1":{"line":9,"type":"binary-expr","locations":[{"start":{"line":9,"column":16},"end":{"line":9,"column":23}},{"start":{"line":9,"column":27},"end":{"line":9,"column":45}}]},"2":{"line":11,"type":"binary-expr","locations":[{"start":{"line":11,"column":38},"end":{"line":11,"column":41}},{"start":{"line":11,"column":45},"end":{"line":11,"column":49}}]},"3":{"line":28,"type":"if","locations":[{"start":{"line":28,"column":4},"end":{"line":28,"column":4}},{"start":{"line":28,"column":4},"end":{"line":28,"column":4}}]},"4":{"line":28,"type":"binary-expr","locations":[{"start":{"line":28,"column":7},"end":{"line":28,"column":15}},{"start":{"line":28,"column":19},"end":{"line":28,"column":27}},{"start":{"line":28,"column":31},"end":{"line":28,"column":36}},{"start":{"line":28,"column":40},"end":{"line":28,"column":49}},{"start":{"line":28,"column":53},"end":{"line":28,"column":60}},{"start":{"line":28,"column":64},"end":{"line":28,"column":70}},{"start":{"line":28,"column":74},"end":{"line":28,"column":78}}]},"5":{"line":29,"type":"if","locations":[{"start":{"line":29,"column":4},"end":{"line":29,"column":4}},{"start":{"line":29,"column":4},"end":{"line":29,"column":4}}]},"6":{"line":29,"type":"binary-expr","locations":[{"start":{"line":29,"column":7},"end":{"line":29,"column":25}},{"start":{"line":29,"column":29},"end":{"line":29,"column":73}},{"start":{"line":29,"column":77},"end":{"line":29,"column":94}}]}}},"C:\\Users\\Asavi\\Documents\\GitHub\\Shoku\\listings\\indeed.js":{"path":"C:\\Users\\Asavi\\Documents\\GitHub\\Shoku\\listings\\indeed.js","s":{"1":1,"2":1,"3":1,"4":1,"5":1,"6":1,"7":1,"8":1,"9":10,"10":10,"11":0,"12":10,"13":0,"14":10},"b":{"1":[1,1],"2":[1,1],"3":[1,1],"4":[1,1,1],"5":[0,10],"6":[10,10,10,10,10,10,10],"7":[0,10],"8":[10,10]},"f":{"1":1,"2":1},"fnMap":{"1":{"name":"indeedGet","line":8,"loc":{"start":{"line":8,"column":0},"end":{"line":8,"column":22}}},"2":{"name":"indeedParse","line":21,"loc":{"start":{"line":21,"column":0},"end":{"line":21,"column":26}}}},"statementMap":{"1":{"start":{"line":2,"column":0},"end":{"line":2,"column":54}},"2":{"start":{"line":8,"column":0},"end":{"line":14,"column":1}},"3":{"start":{"line":9,"column":2},"end":{"line":12,"column":94}},"4":{"start":{"line":13,"column":2},"end":{"line":13,"column":95}},"5":{"start":{"line":13,"column":35},"end":{"line":13,"column":93}},"6":{"start":{"line":13,"column":69},"end":{"line":13,"column":92}},"7":{"start":{"line":21,"column":0},"end":{"line":34,"column":1}},"8":{"start":{"line":22,"column":2},"end":{"line":33,"column":9}},"9":{"start":{"line":23,"column":4},"end":{"line":29,"column":23}},"10":{"start":{"line":30,"column":4},"end":{"line":30,"column":92}},"11":{"start":{"line":30,"column":80},"end":{"line":30,"column":92}},"12":{"start":{"line":31,"column":4},"end":{"line":31,"column":87}},"13":{"start":{"line":31,"column":75},"end":{"line":31,"column":87}},"14":{"start":{"line":32,"column":4},"end":{"line":32,"column":81}}},"branchMap":{"1":{"line":9,"type":"binary-expr","locations":[{"start":{"line":9,"column":16},"end":{"line":9,"column":23}},{"start":{"line":9,"column":27},"end":{"line":9,"column":45}}]},"2":{"line":10,"type":"binary-expr","locations":[{"start":{"line":10,"column":18},"end":{"line":10,"column":29}},{"start":{"line":10,"column":33},"end":{"line":10,"column":62}}]},"3":{"line":11,"type":"binary-expr","locations":[{"start":{"line":11,"column":13},"end":{"line":11,"column":31}},{"start":{"line":11,"column":35},"end":{"line":11,"column":66}}]},"4":{"line":13,"type":"binary-expr","locations":[{"start":{"line":13,"column":72},"end":{"line":13,"column":75}},{"start":{"line":13,"column":79},"end":{"line":13,"column":83}},{"start":{"line":13,"column":87},"end":{"line":13,"column":91}}]},"5":{"line":30,"type":"if","locations":[{"start":{"line":30,"column":4},"end":{"line":30,"column":4}},{"start":{"line":30,"column":4},"end":{"line":30,"column":4}}]},"6":{"line":30,"type":"binary-expr","locations":[{"start":{"line":30,"column":7},"end":{"line":30,"column":15}},{"start":{"line":30,"column":19},"end":{"line":30,"column":27}},{"start":{"line":30,"column":31},"end":{"line":30,"column":36}},{"start":{"line":30,"column":40},"end":{"line":30,"column":49}},{"start":{"line":30,"column":53},"end":{"line":30,"column":60}},{"start":{"line":30,"column":64},"end":{"line":30,"column":70}},{"start":{"line":30,"column":74},"end":{"line":30,"column":78}}]},"7":{"line":31,"type":"if","locations":[{"start":{"line":31,"column":4},"end":{"line":31,"column":4}},{"start":{"line":31,"column":4},"end":{"line":31,"column":4}}]},"8":{"line":31,"type":"binary-expr","locations":[{"start":{"line":31,"column":7},"end":{"line":31,"column":25}},{"start":{"line":31,"column":29},"end":{"line":31,"column":73}}]}}},"C:\\Users\\Asavi\\Documents\\GitHub\\Shoku\\listings\\remoteok.js":{"path":"C:\\Users\\Asavi\\Documents\\GitHub\\Shoku\\listings\\remoteok.js","s":{"1":1,"2":1,"3":1,"4":1,"5":1,"6":1,"7":1,"8":403,"9":403,"10":403,"11":403,"12":0,"13":403,"14":8,"15":395,"16":0,"17":395},"b":{"1":[1,1],"2":[1,1],"3":[402,1],"4":[0,403],"5":[8,395],"6":[403,403,395,395,395,395,395],"7":[0,395],"8":[395,395,395]},"f":{"1":1,"2":1},"fnMap":{"1":{"name":"remoteokGet","line":8,"loc":{"start":{"line":8,"column":0},"end":{"line":8,"column":24}}},"2":{"name":"remoteokParse","line":19,"loc":{"start":{"line":19,"column":0},"end":{"line":19,"column":28}}}},"statementMap":{"1":{"start":{"line":2,"column":0},"end":{"line":2,"column":58}},"2":{"start":{"line":8,"column":0},"end":{"line":12,"column":1}},"3":{"start":{"line":9,"column":2},"end":{"line":10,"column":49}},"4":{"start":{"line":11,"column":2},"end":{"line":11,"column":52}},"5":{"start":{"line":11,"column":35},"end":{"line":11,"column":50}},"6":{"start":{"line":19,"column":0},"end":{"line":35,"column":1}},"7":{"start":{"line":20,"column":2},"end":{"line":34,"column":9}},"8":{"start":{"line":21,"column":4},"end":{"line":21,"column":38}},"9":{"start":{"line":22,"column":4},"end":{"line":22,"column":40}},"10":{"start":{"line":23,"column":4},"end":{"line":29,"column":31}},"11":{"start":{"line":30,"column":4},"end":{"line":30,"column":66}},"12":{"start":{"line":30,"column":28},"end":{"line":30,"column":66}},"13":{"start":{"line":31,"column":4},"end":{"line":31,"column":92}},"14":{"start":{"line":31,"column":80},"end":{"line":31,"column":92}},"15":{"start":{"line":32,"column":4},"end":{"line":32,"column":108}},"16":{"start":{"line":32,"column":96},"end":{"line":32,"column":108}},"17":{"start":{"line":33,"column":4},"end":{"line":33,"column":81}}},"branchMap":{"1":{"line":9,"type":"binary-expr","locations":[{"start":{"line":9,"column":16},"end":{"line":9,"column":23}},{"start":{"line":9,"column":27},"end":{"line":9,"column":45}}]},"2":{"line":11,"type":"binary-expr","locations":[{"start":{"line":11,"column":38},"end":{"line":11,"column":41}},{"start":{"line":11,"column":45},"end":{"line":11,"column":49}}]},"3":{"line":23,"type":"cond-expr","locations":[{"start":{"line":23,"column":35},"end":{"line":23,"column":86}},{"start":{"line":23,"column":89},"end":{"line":23,"column":92}}]},"4":{"line":30,"type":"if","locations":[{"start":{"line":30,"column":4},"end":{"line":30,"column":4}},{"start":{"line":30,"column":4},"end":{"line":30,"column":4}}]},"5":{"line":31,"type":"if","locations":[{"start":{"line":31,"column":4},"end":{"line":31,"column":4}},{"start":{"line":31,"column":4},"end":{"line":31,"column":4}}]},"6":{"line":31,"type":"binary-expr","locations":[{"start":{"line":31,"column":7},"end":{"line":31,"column":15}},{"start":{"line":31,"column":19},"end":{"line":31,"column":27}},{"start":{"line":31,"column":31},"end":{"line":31,"column":36}},{"start":{"line":31,"column":40},"end":{"line":31,"column":49}},{"start":{"line":31,"column":53},"end":{"line":31,"column":60}},{"start":{"line":31,"column":64},"end":{"line":31,"column":70}},{"start":{"line":31,"column":74},"end":{"line":31,"column":78}}]},"7":{"line":32,"type":"if","locations":[{"start":{"line":32,"column":4},"end":{"line":32,"column":4}},{"start":{"line":32,"column":4},"end":{"line":32,"column":4}}]},"8":{"line":32,"type":"binary-expr","locations":[{"start":{"line":32,"column":7},"end":{"line":32,"column":25}},{"start":{"line":32,"column":29},"end":{"line":32,"column":73}},{"start":{"line":32,"column":77},"end":{"line":32,"column":94}}]}}},"C:\\Users\\Asavi\\Documents\\GitHub\\Shoku\\listings\\smashingjobs.js":{"path":"C:\\Users\\Asavi\\Documents\\GitHub\\Shoku\\listings\\smashingjobs.js","s":{"1":1,"2":1,"3":1,"4":1,"5":1,"6":1,"7":1,"8":73,"9":73,"10":0,"11":73,"12":58,"13":15,"14":0,"15":15},"b":{"1":[1,1],"2":[1,1],"3":[0,73],"4":[73,73,73,73,73,73,73],"5":[58,15],"6":[73,73],"7":[0,15]},"f":{"1":1,"2":1},"fnMap":{"1":{"name":"smashingjobsGet","line":8,"loc":{"start":{"line":8,"column":0},"end":{"line":8,"column":28}}},"2":{"name":"smashingjobsParse","line":19,"loc":{"start":{"line":19,"column":0},"end":{"line":19,"column":32}}}},"statementMap":{"1":{"start":{"line":2,"column":0},"end":{"line":2,"column":66}},"2":{"start":{"line":8,"column":0},"end":{"line":12,"column":1}},"3":{"start":{"line":9,"column":2},"end":{"line":10,"column":57}},"4":{"start":{"line":11,"column":2},"end":{"line":11,"column":48}},"5":{"start":{"line":11,"column":31},"end":{"line":11,"column":46}},"6":{"start":{"line":19,"column":0},"end":{"line":34,"column":1}},"7":{"start":{"line":20,"column":2},"end":{"line":33,"column":9}},"8":{"start":{"line":21,"column":4},"end":{"line":28,"column":21}},"9":{"start":{"line":29,"column":4},"end":{"line":29,"column":92}},"10":{"start":{"line":29,"column":80},"end":{"line":29,"column":92}},"11":{"start":{"line":30,"column":4},"end":{"line":30,"column":87}},"12":{"start":{"line":30,"column":75},"end":{"line":30,"column":87}},"13":{"start":{"line":31,"column":4},"end":{"line":31,"column":83}},"14":{"start":{"line":31,"column":71},"end":{"line":31,"column":83}},"15":{"start":{"line":32,"column":4},"end":{"line":32,"column":81}}},"branchMap":{"1":{"line":9,"type":"binary-expr","locations":[{"start":{"line":9,"column":17},"end":{"line":9,"column":25}},{"start":{"line":9,"column":29},"end":{"line":9,"column":59}}]},"2":{"line":11,"type":"binary-expr","locations":[{"start":{"line":11,"column":34},"end":{"line":11,"column":37}},{"start":{"line":11,"column":41},"end":{"line":11,"column":45}}]},"3":{"line":29,"type":"if","locations":[{"start":{"line":29,"column":4},"end":{"line":29,"column":4}},{"start":{"line":29,"column":4},"end":{"line":29,"column":4}}]},"4":{"line":29,"type":"binary-expr","locations":[{"start":{"line":29,"column":7},"end":{"line":29,"column":15}},{"start":{"line":29,"column":19},"end":{"line":29,"column":27}},{"start":{"line":29,"column":31},"end":{"line":29,"column":36}},{"start":{"line":29,"column":40},"end":{"line":29,"column":49}},{"start":{"line":29,"column":53},"end":{"line":29,"column":60}},{"start":{"line":29,"column":64},"end":{"line":29,"column":70}},{"start":{"line":29,"column":74},"end":{"line":29,"column":78}}]},"5":{"line":30,"type":"if","locations":[{"start":{"line":30,"column":4},"end":{"line":30,"column":4}},{"start":{"line":30,"column":4},"end":{"line":30,"column":4}}]},"6":{"line":30,"type":"binary-expr","locations":[{"start":{"line":30,"column":7},"end":{"line":30,"column":25}},{"start":{"line":30,"column":29},"end":{"line":30,"column":73}}]},"7":{"line":31,"type":"if","locations":[{"start":{"line":31,"column":4},"end":{"line":31,"column":4}},{"start":{"line":31,"column":4},"end":{"line":31,"column":4}}]}}},"C:\\Users\\Asavi\\Documents\\GitHub\\Shoku\\listings\\stackoverflow.js":{"path":"C:\\Users\\Asavi\\Documents\\GitHub\\Shoku\\listings\\stackoverflow.js","s":{"1":1,"2":1,"3":1,"4":1,"5":1,"6":1,"7":1,"8":1000,"9":1000,"10":39,"11":961,"12":1,"13":960,"14":1,"15":959},"b":{"1":[1,1],"2":[1,1],"3":[1000,0],"4":[992,8],"5":[8,8],"6":[39,961],"7":[1000,1000,1000,1000,961,961,961],"8":[1,960],"9":[961,961],"10":[1,959]},"f":{"1":1,"2":1},"fnMap":{"1":{"name":"stackoverflowGet","line":8,"loc":{"start":{"line":8,"column":0},"end":{"line":8,"column":29}}},"2":{"name":"stackoverflowParse","line":19,"loc":{"start":{"line":19,"column":0},"end":{"line":19,"column":33}}}},"statementMap":{"1":{"start":{"line":2,"column":0},"end":{"line":2,"column":68}},"2":{"start":{"line":8,"column":0},"end":{"line":12,"column":1}},"3":{"start":{"line":9,"column":2},"end":{"line":10,"column":48}},"4":{"start":{"line":11,"column":2},"end":{"line":11,"column":48}},"5":{"start":{"line":11,"column":31},"end":{"line":11,"column":46}},"6":{"start":{"line":19,"column":0},"end":{"line":36,"column":1}},"7":{"start":{"line":20,"column":2},"end":{"line":35,"column":9}},"8":{"start":{"line":21,"column":4},"end":{"line":30,"column":21}},"9":{"start":{"line":31,"column":4},"end":{"line":31,"column":92}},"10":{"start":{"line":31,"column":80},"end":{"line":31,"column":92}},"11":{"start":{"line":32,"column":4},"end":{"line":32,"column":87}},"12":{"start":{"line":32,"column":75},"end":{"line":32,"column":87}},"13":{"start":{"line":33,"column":4},"end":{"line":33,"column":83}},"14":{"start":{"line":33,"column":71},"end":{"line":33,"column":83}},"15":{"start":{"line":34,"column":4},"end":{"line":34,"column":81}}},"branchMap":{"1":{"line":9,"type":"binary-expr","locations":[{"start":{"line":9,"column":17},"end":{"line":9,"column":25}},{"start":{"line":9,"column":29},"end":{"line":9,"column":59}}]},"2":{"line":11,"type":"binary-expr","locations":[{"start":{"line":11,"column":34},"end":{"line":11,"column":37}},{"start":{"line":11,"column":41},"end":{"line":11,"column":45}}]},"3":{"line":24,"type":"binary-expr","locations":[{"start":{"line":24,"column":16},"end":{"line":24,"column":30}},{"start":{"line":24,"column":34},"end":{"line":24,"column":37}}]},"4":{"line":27,"type":"cond-expr","locations":[{"start":{"line":27,"column":23},"end":{"line":27,"column":49}},{"start":{"line":27,"column":52},"end":{"line":27,"column":73}}]},"5":{"line":27,"type":"binary-expr","locations":[{"start":{"line":27,"column":52},"end":{"line":27,"column":64}},{"start":{"line":27,"column":68},"end":{"line":27,"column":73}}]},"6":{"line":31,"type":"if","locations":[{"start":{"line":31,"column":4},"end":{"line":31,"column":4}},{"start":{"line":31,"column":4},"end":{"line":31,"column":4}}]},"7":{"line":31,"type":"binary-expr","locations":[{"start":{"line":31,"column":7},"end":{"line":31,"column":15}},{"start":{"line":31,"column":19},"end":{"line":31,"column":27}},{"start":{"line":31,"column":31},"end":{"line":31,"column":36}},{"start":{"line":31,"column":40},"end":{"line":31,"column":49}},{"start":{"line":31,"column":53},"end":{"line":31,"column":60}},{"start":{"line":31,"column":64},"end":{"line":31,"column":70}},{"start":{"line":31,"column":74},"end":{"line":31,"column":78}}]},"8":{"line":32,"type":"if","locations":[{"start":{"line":32,"column":4},"end":{"line":32,"column":4}},{"start":{"line":32,"column":4},"end":{"line":32,"column":4}}]},"9":{"line":32,"type":"binary-expr","locations":[{"start":{"line":32,"column":7},"end":{"line":32,"column":25}},{"start":{"line":32,"column":29},"end":{"line":32,"column":73}}]},"10":{"line":33,"type":"if","locations":[{"start":{"line":33,"column":4},"end":{"line":33,"column":4}},{"start":{"line":33,"column":4},"end":{"line":33,"column":4}}]}}},"C:\\Users\\Asavi\\Documents\\GitHub\\Shoku\\listings\\weworkremotely.js":{"path":"C:\\Users\\Asavi\\Documents\\GitHub\\Shoku\\listings\\weworkremotely.js","s":{"1":1,"2":1,"3":1,"4":1,"5":1,"6":2,"7":2,"8":2,"9":1,"10":1,"11":35,"12":35,"13":0,"14":35,"15":0,"16":35,"17":0,"18":35,"19":1,"20":1,"21":2},"b":{"1":[1,1],"2":[2,2,0],"3":[0,35],"4":[0,35],"5":[35,35,35,35,35,35,35],"6":[0,35],"7":[35,35,35],"8":[1,1]},"f":{"1":1,"2":1,"3":1},"fnMap":{"1":{"name":"weworkremotelyGet","line":8,"loc":{"start":{"line":8,"column":0},"end":{"line":8,"column":30}}},"2":{"name":"weworkremotelyParse","line":22,"loc":{"start":{"line":22,"column":0},"end":{"line":22,"column":34}}},"3":{"name":"Wait","line":38,"loc":{"start":{"line":38,"column":0},"end":{"line":38,"column":28}}}},"statementMap":{"1":{"start":{"line":2,"column":0},"end":{"line":2,"column":70}},"2":{"start":{"line":8,"column":0},"end":{"line":15,"column":1}},"3":{"start":{"line":9,"column":2},"end":{"line":10,"column":86}},"4":{"start":{"line":10,"column":27},"end":{"line":10,"column":80}},"5":{"start":{"line":11,"column":2},"end":{"line":14,"column":5}},"6":{"start":{"line":12,"column":4},"end":{"line":12,"column":68}},"7":{"start":{"line":13,"column":4},"end":{"line":13,"column":76}},"8":{"start":{"line":13,"column":33},"end":{"line":13,"column":74}},"9":{"start":{"line":22,"column":0},"end":{"line":36,"column":1}},"10":{"start":{"line":23,"column":2},"end":{"line":35,"column":9}},"11":{"start":{"line":24,"column":4},"end":{"line":30,"column":21}},"12":{"start":{"line":31,"column":4},"end":{"line":31,"column":66}},"13":{"start":{"line":31,"column":28},"end":{"line":31,"column":66}},"14":{"start":{"line":32,"column":4},"end":{"line":32,"column":92}},"15":{"start":{"line":32,"column":80},"end":{"line":32,"column":92}},"16":{"start":{"line":33,"column":4},"end":{"line":33,"column":108}},"17":{"start":{"line":33,"column":96},"end":{"line":33,"column":108}},"18":{"start":{"line":34,"column":4},"end":{"line":34,"column":81}},"19":{"start":{"line":38,"column":0},"end":{"line":40,"column":1}},"20":{"start":{"line":39,"column":2},"end":{"line":39,"column":87}},"21":{"start":{"line":39,"column":17},"end":{"line":39,"column":86}}},"branchMap":{"1":{"line":9,"type":"binary-expr","locations":[{"start":{"line":9,"column":17},"end":{"line":9,"column":25}},{"start":{"line":9,"column":29},"end":{"line":9,"column":59}}]},"2":{"line":13,"type":"binary-expr","locations":[{"start":{"line":13,"column":38},"end":{"line":13,"column":41}},{"start":{"line":13,"column":45},"end":{"line":13,"column":49}},{"start":{"line":13,"column":53},"end":{"line":13,"column":73}}]},"3":{"line":31,"type":"if","locations":[{"start":{"line":31,"column":4},"end":{"line":31,"column":4}},{"start":{"line":31,"column":4},"end":{"line":31,"column":4}}]},"4":{"line":32,"type":"if","locations":[{"start":{"line":32,"column":4},"end":{"line":32,"column":4}},{"start":{"line":32,"column":4},"end":{"line":32,"column":4}}]},"5":{"line":32,"type":"binary-expr","locations":[{"start":{"line":32,"column":7},"end":{"line":32,"column":15}},{"start":{"line":32,"column":19},"end":{"line":32,"column":27}},{"start":{"line":32,"column":31},"end":{"line":32,"column":36}},{"start":{"line":32,"column":40},"end":{"line":32,"column":49}},{"start":{"line":32,"column":53},"end":{"line":32,"column":60}},{"start":{"line":32,"column":64},"end":{"line":32,"column":70}},{"start":{"line":32,"column":74},"end":{"line":32,"column":78}}]},"6":{"line":33,"type":"if","locations":[{"start":{"line":33,"column":4},"end":{"line":33,"column":4}},{"start":{"line":33,"column":4},"end":{"line":33,"column":4}}]},"7":{"line":33,"type":"binary-expr","locations":[{"start":{"line":33,"column":7},"end":{"line":33,"column":25}},{"start":{"line":33,"column":29},"end":{"line":33,"column":73}},{"start":{"line":33,"column":77},"end":{"line":33,"column":94}}]},"8":{"line":39,"type":"cond-expr","locations":[{"start":{"line":39,"column":45},"end":{"line":39,"column":68}},{"start":{"line":39,"column":71},"end":{"line":39,"column":86}}]}}},"C:\\Users\\Asavi\\Documents\\GitHub\\Shoku\\listings\\wfhio.js":{"path":"C:\\Users\\Asavi\\Documents\\GitHub\\Shoku\\listings\\wfhio.js","s":{"1":1,"2":1,"3":1,"4":1,"5":1,"6":1,"7":3,"8":1,"9":3,"10":3,"11":3,"12":1,"13":54,"14":264,"15":264,"16":154,"17":264,"18":110,"19":54,"20":0,"21":54,"22":16,"23":38,"24":1,"25":1,"26":3},"b":{"1":[3,3,3],"2":[154,110],"3":[154,110],"4":[0,54],"5":[54,54,54,54,54,54,54],"6":[16,38],"7":[54,54,38],"8":[1,2]},"f":{"1":1,"2":54,"3":1},"fnMap":{"1":{"name":"wfhioGet","line":12,"loc":{"start":{"line":12,"column":0},"end":{"line":12,"column":21}}},"2":{"name":"wfhioReducer","line":27,"loc":{"start":{"line":27,"column":0},"end":{"line":27,"column":32}}},"3":{"name":"Wait","line":48,"loc":{"start":{"line":48,"column":0},"end":{"line":48,"column":28}}}},"statementMap":{"1":{"start":{"line":1,"column":0},"end":{"line":3,"column":44}},"2":{"start":{"line":6,"column":0},"end":{"line":6,"column":79}},"3":{"start":{"line":6,"column":48},"end":{"line":6,"column":77}},"4":{"start":{"line":12,"column":0},"end":{"line":19,"column":1}},"5":{"start":{"line":13,"column":2},"end":{"line":13,"column":81}},"6":{"start":{"line":13,"column":29},"end":{"line":13,"column":75}},"7":{"start":{"line":13,"column":56},"end":{"line":13,"column":69}},"8":{"start":{"line":14,"column":2},"end":{"line":18,"column":5}},"9":{"start":{"line":15,"column":4},"end":{"line":17,"column":7}},"10":{"start":{"line":16,"column":6},"end":{"line":16,"column":78}},"11":{"start":{"line":16,"column":40},"end":{"line":16,"column":76}},"12":{"start":{"line":27,"column":0},"end":{"line":46,"column":1}},"13":{"start":{"line":28,"column":2},"end":{"line":42,"column":24}},"14":{"start":{"line":34,"column":8},"end":{"line":34,"column":66}},"15":{"start":{"line":35,"column":8},"end":{"line":35,"column":48}},"16":{"start":{"line":35,"column":20},"end":{"line":35,"column":48}},"17":{"start":{"line":36,"column":8},"end":{"line":36,"column":49}},"18":{"start":{"line":38,"column":18},"end":{"line":38,"column":53}},"19":{"start":{"line":43,"column":2},"end":{"line":43,"column":90}},"20":{"start":{"line":43,"column":78},"end":{"line":43,"column":90}},"21":{"start":{"line":44,"column":2},"end":{"line":44,"column":106}},"22":{"start":{"line":44,"column":94},"end":{"line":44,"column":106}},"23":{"start":{"line":45,"column":2},"end":{"line":45,"column":79}},"24":{"start":{"line":48,"column":0},"end":{"line":50,"column":1}},"25":{"start":{"line":49,"column":2},"end":{"line":49,"column":87}},"26":{"start":{"line":49,"column":17},"end":{"line":49,"column":86}}},"branchMap":{"1":{"line":16,"type":"binary-expr","locations":[{"start":{"line":16,"column":45},"end":{"line":16,"column":48}},{"start":{"line":16,"column":52},"end":{"line":16,"column":56}},{"start":{"line":16,"column":60},"end":{"line":16,"column":75}}]},"2":{"line":35,"type":"if","locations":[{"start":{"line":35,"column":8},"end":{"line":35,"column":8}},{"start":{"line":35,"column":8},"end":{"line":35,"column":8}}]},"3":{"line":36,"type":"cond-expr","locations":[{"start":{"line":36,"column":25},"end":{"line":36,"column":28}},{"start":{"line":36,"column":31},"end":{"line":36,"column":48}}]},"4":{"line":43,"type":"if","locations":[{"start":{"line":43,"column":2},"end":{"line":43,"column":2}},{"start":{"line":43,"column":2},"end":{"line":43,"column":2}}]},"5":{"line":43,"type":"binary-expr","locations":[{"start":{"line":43,"column":5},"end":{"line":43,"column":13}},{"start":{"line":43,"column":17},"end":{"line":43,"column":25}},{"start":{"line":43,"column":29},"end":{"line":43,"column":34}},{"start":{"line":43,"column":38},"end":{"line":43,"column":47}},{"start":{"line":43,"column":51},"end":{"line":43,"column":58}},{"start":{"line":43,"column":62},"end":{"line":43,"column":68}},{"start":{"line":43,"column":72},"end":{"line":43,"column":76}}]},"6":{"line":44,"type":"if","locations":[{"start":{"line":44,"column":2},"end":{"line":44,"column":2}},{"start":{"line":44,"column":2},"end":{"line":44,"column":2}}]},"7":{"line":44,"type":"binary-expr","locations":[{"start":{"line":44,"column":5},"end":{"line":44,"column":23}},{"start":{"line":44,"column":27},"end":{"line":44,"column":71}},{"start":{"line":44,"column":75},"end":{"line":44,"column":92}}]},"8":{"line":49,"type":"cond-expr","locations":[{"start":{"line":49,"column":45},"end":{"line":49,"column":68}},{"start":{"line":49,"column":71},"end":{"line":49,"column":86}}]}}},"C:\\Users\\Asavi\\Documents\\GitHub\\Shoku\\db\\apikeys.js":{"path":"C:\\Users\\Asavi\\Documents\\GitHub\\Shoku\\db\\apikeys.js","s":{"1":1},"b":{},"f":{},"fnMap":{},"statementMap":{"1":{"start":{"line":1,"column":0},"end":{"line":7,"column":1}}},"branchMap":{}}}