TN:
SF:C:\Users\Asavi\Documents\GitHub\Shoku\listings\authentic.js
FN:8,authenticGet
FN:20,authenticParse
FNF:2
FNH:2
FNDA:1,authenticGet
FNDA:1,authenticParse
DA:2,1
DA:8,1
DA:9,1
DA:12,1
DA:20,1
DA:21,1
DA:22,10
DA:29,10
DA:30,10
DA:31,10
LF:10
LH:10
BRDA:9,1,0,1
BRDA:9,1,1,1
BRDA:10,2,0,1
BRDA:10,2,1,1
BRDA:12,3,0,1
BRDA:12,3,1,1
BRDA:25,4,0,5
BRDA:25,4,1,5
BRDA:27,5,0,10
BRDA:27,5,1,0
BRDA:29,6,0,0
BRDA:29,6,1,10
BRDA:29,7,0,10
BRDA:29,7,1,10
BRDA:29,7,2,10
BRDA:29,7,3,10
BRDA:29,7,4,10
BRDA:29,7,5,10
BRDA:29,7,6,10
BRDA:30,8,0,0
BRDA:30,8,1,10
BRDA:30,9,0,10
BRDA:30,9,1,10
BRF:23
BRH:20
end_of_record
TN:
SF:C:\Users\Asavi\Documents\GitHub\Shoku\listings\coroflot.js
FN:12,coroflotGet
FN:31,coroflotParse
FN:47,Wait
FNF:3
FNH:3
FNDA:1,coroflotGet
FNDA:1,coroflotParse
FNDA:1,Wait
DA:1,1
DA:6,1
DA:12,1
DA:13,1
DA:14,1
DA:15,1
DA:16,1
DA:17,1
DA:18,30
DA:19,30
DA:20,30
DA:31,1
DA:32,1
DA:33,30
DA:41,30
DA:42,30
DA:43,30
DA:47,1
DA:48,30
LF:19
LH:19
BRDA:15,1,0,0
BRDA:15,1,1,1
BRDA:15,2,0,1
BRDA:15,2,1,1
BRDA:15,2,2,1
BRDA:41,3,0,0
BRDA:41,3,1,30
BRDA:41,4,0,30
BRDA:41,4,1,30
BRDA:41,4,2,30
BRDA:41,4,3,30
BRDA:41,4,4,30
BRDA:41,4,5,30
BRDA:41,4,6,30
BRDA:42,5,0,0
BRDA:42,5,1,30
BRDA:42,6,0,30
BRDA:42,6,1,30
BRDA:48,7,0,1
BRDA:48,7,1,29
BRF:20
BRH:17
end_of_record
TN:
SF:C:\Users\Asavi\Documents\GitHub\Shoku\listings\dribbble.js
FN:8,dribbbleGet
FN:19,dribbbleParse
FNF:2
FNH:2
FNDA:1,dribbbleGet
FNDA:1,dribbbleParse
DA:2,1
DA:8,1
DA:9,1
DA:11,1
DA:19,1
DA:20,1
DA:21,171
DA:31,171
DA:32,160
DA:33,140
LF:10
LH:10
BRDA:9,1,0,1
BRDA:9,1,1,1
BRDA:11,2,0,1
BRDA:11,2,1,1
BRDA:11,2,2,0
BRDA:22,3,0,160
BRDA:22,3,1,11
BRDA:27,4,0,2
BRDA:27,4,1,169
BRDA:31,5,0,11
BRDA:31,5,1,160
BRDA:31,6,0,171
BRDA:31,6,1,171
BRDA:31,6,2,171
BRDA:31,6,3,171
BRDA:31,6,4,160
BRDA:31,6,5,160
BRDA:31,6,6,160
BRDA:32,7,0,20
BRDA:32,7,1,140
BRDA:32,8,0,160
BRDA:32,8,1,160
BRF:22
BRH:21
end_of_record
TN:
SF:C:\Users\Asavi\Documents\GitHub\Shoku\listings\github.js
FN:8,githubGet
FN:19,githubParse
FNF:2
FNH:2
FNDA:1,githubGet
FNDA:1,githubParse
DA:2,1
DA:8,1
DA:9,1
DA:11,1
DA:19,1
DA:20,1
DA:21,50
DA:28,50
DA:29,50
DA:30,45
LF:10
LH:10
BRDA:9,1,0,1
BRDA:9,1,1,1
BRDA:11,2,0,1
BRDA:11,2,1,1
BRDA:28,3,0,0
BRDA:28,3,1,50
BRDA:28,4,0,50
BRDA:28,4,1,50
BRDA:28,4,2,50
BRDA:28,4,3,50
BRDA:28,4,4,50
BRDA:28,4,5,50
BRDA:28,4,6,50
BRDA:29,5,0,5
BRDA:29,5,1,45
BRDA:29,6,0,50
BRDA:29,6,1,50
BRDA:29,6,2,50
BRF:18
BRH:17
end_of_record
TN:
SF:C:\Users\Asavi\Documents\GitHub\Shoku\listings\indeed.js
FN:8,indeedGet
FN:21,indeedParse
FNF:2
FNH:2
FNDA:1,indeedGet
FNDA:1,indeedParse
DA:2,1
DA:8,1
DA:9,1
DA:13,1
DA:21,1
DA:22,1
DA:23,10
DA:30,10
DA:31,10
DA:32,10
LF:10
LH:10
BRDA:9,1,0,1
BRDA:9,1,1,1
BRDA:10,2,0,1
BRDA:10,2,1,1
BRDA:11,3,0,1
BRDA:11,3,1,1
BRDA:13,4,0,1
BRDA:13,4,1,1
BRDA:13,4,2,1
BRDA:30,5,0,0
BRDA:30,5,1,10
BRDA:30,6,0,10
BRDA:30,6,1,10
BRDA:30,6,2,10
BRDA:30,6,3,10
BRDA:30,6,4,10
BRDA:30,6,5,10
BRDA:30,6,6,10
BRDA:31,7,0,0
BRDA:31,7,1,10
BRDA:31,8,0,10
BRDA:31,8,1,10
BRF:22
BRH:20
end_of_record
TN:
SF:C:\Users\Asavi\Documents\GitHub\Shoku\listings\remoteok.js
FN:8,remoteokGet
FN:19,remoteokParse
FNF:2
FNH:2
FNDA:1,remoteokGet
FNDA:1,remoteokParse
DA:2,1
DA:8,1
DA:9,1
DA:11,1
DA:19,1
DA:20,1
DA:21,403
DA:22,403
DA:23,403
DA:30,403
DA:31,403
DA:32,395
DA:33,395
LF:13
LH:13
BRDA:9,1,0,1
BRDA:9,1,1,1
BRDA:11,2,0,1
BRDA:11,2,1,1
BRDA:23,3,0,402
BRDA:23,3,1,1
BRDA:30,4,0,0
BRDA:30,4,1,403
BRDA:31,5,0,8
BRDA:31,5,1,395
BRDA:31,6,0,403
BRDA:31,6,1,403
BRDA:31,6,2,395
BRDA:31,6,3,395
BRDA:31,6,4,395
BRDA:31,6,5,395
BRDA:31,6,6,395
BRDA:32,7,0,0
BRDA:32,7,1,395
BRDA:32,8,0,395
BRDA:32,8,1,395
BRDA:32,8,2,395
BRF:22
BRH:20
end_of_record
TN:
SF:C:\Users\Asavi\Documents\GitHub\Shoku\listings\smashingjobs.js
FN:8,smashingjobsGet
FN:19,smashingjobsParse
FNF:2
FNH:2
FNDA:1,smashingjobsGet
FNDA:1,smashingjobsParse
DA:2,1
DA:8,1
DA:9,1
DA:11,1
DA:19,1
DA:20,1
DA:21,73
DA:29,73
DA:30,73
DA:31,15
DA:32,15
LF:11
LH:11
BRDA:9,1,0,1
BRDA:9,1,1,1
BRDA:11,2,0,1
BRDA:11,2,1,1
BRDA:29,3,0,0
BRDA:29,3,1,73
BRDA:29,4,0,73
BRDA:29,4,1,73
BRDA:29,4,2,73
BRDA:29,4,3,73
BRDA:29,4,4,73
BRDA:29,4,5,73
BRDA:29,4,6,73
BRDA:30,5,0,58
BRDA:30,5,1,15
BRDA:30,6,0,73
BRDA:30,6,1,73
BRDA:31,7,0,0
BRDA:31,7,1,15
BRF:19
BRH:17
end_of_record
TN:
SF:C:\Users\Asavi\Documents\GitHub\Shoku\listings\stackoverflow.js
FN:8,stackoverflowGet
FN:19,stackoverflowParse
FNF:2
FNH:2
FNDA:1,stackoverflowGet
FNDA:1,stackoverflowParse
DA:2,1
DA:8,1
DA:9,1
DA:11,1
DA:19,1
DA:20,1
DA:21,1000
DA:31,1000
DA:32,961
DA:33,960
DA:34,959
LF:11
LH:11
BRDA:9,1,0,1
BRDA:9,1,1,1
BRDA:11,2,0,1
BRDA:11,2,1,1
BRDA:24,3,0,1000
BRDA:24,3,1,0
BRDA:27,4,0,992
BRDA:27,4,1,8
BRDA:27,5,0,8
BRDA:27,5,1,8
BRDA:31,6,0,39
BRDA:31,6,1,961
BRDA:31,7,0,1000
BRDA:31,7,1,1000
BRDA:31,7,2,1000
BRDA:31,7,3,1000
BRDA:31,7,4,961
BRDA:31,7,5,961
BRDA:31,7,6,961
BRDA:32,8,0,1
BRDA:32,8,1,960
BRDA:32,9,0,961
BRDA:32,9,1,961
BRDA:33,10,0,1
BRDA:33,10,1,959
BRF:25
BRH:24
end_of_record
TN:
SF:C:\Users\Asavi\Documents\GitHub\Shoku\listings\weworkremotely.js
FN:8,weworkremotelyGet
FN:22,weworkremotelyParse
FN:38,Wait
FNF:3
FNH:3
FNDA:1,weworkremotelyGet
FNDA:1,weworkremotelyParse
FNDA:1,Wait
DA:2,1
DA:8,1
DA:9,1
DA:10,1
DA:11,1
DA:12,2
DA:13,2
DA:22,1
DA:23,1
DA:24,35
DA:31,35
DA:32,35
DA:33,35
DA:34,35
DA:38,1
DA:39,2
LF:16
LH:16
BRDA:9,1,0,1
BRDA:9,1,1,1
BRDA:13,2,0,2
BRDA:13,2,1,2
BRDA:13,2,2,0
BRDA:31,3,0,0
BRDA:31,3,1,35
BRDA:32,4,0,0
BRDA:32,4,1,35
BRDA:32,5,0,35
BRDA:32,5,1,35
BRDA:32,5,2,35
BRDA:32,5,3,35
BRDA:32,5,4,35
BRDA:32,5,5,35
BRDA:32,5,6,35
BRDA:33,6,0,0
BRDA:33,6,1,35
BRDA:33,7,0,35
BRDA:33,7,1,35
BRDA:33,7,2,35
BRDA:39,8,0,1
BRDA:39,8,1,1
BRF:23
BRH:19
end_of_record
TN:
SF:C:\Users\Asavi\Documents\GitHub\Shoku\listings\wfhio.js
FN:12,wfhioGet
FN:27,wfhioReducer
FN:48,Wait
FNF:3
FNH:3
FNDA:1,wfhioGet
FNDA:54,wfhioReducer
FNDA:1,Wait
DA:1,1
DA:6,1
DA:12,1
DA:13,3
DA:14,1
DA:15,3
DA:16,3
DA:27,1
DA:28,54
DA:34,264
DA:35,264
DA:36,264
DA:38,110
DA:43,54
DA:44,54
DA:45,38
DA:48,1
DA:49,3
LF:18
LH:18
BRDA:16,1,0,3
BRDA:16,1,1,3
BRDA:16,1,2,3
BRDA:35,2,0,154
BRDA:35,2,1,110
BRDA:36,3,0,154
BRDA:36,3,1,110
BRDA:43,4,0,0
BRDA:43,4,1,54
BRDA:43,5,0,54
BRDA:43,5,1,54
BRDA:43,5,2,54
BRDA:43,5,3,54
BRDA:43,5,4,54
BRDA:43,5,5,54
BRDA:43,5,6,54
BRDA:44,6,0,16
BRDA:44,6,1,38
BRDA:44,7,0,54
BRDA:44,7,1,54
BRDA:44,7,2,38
BRDA:49,8,0,1
BRDA:49,8,1,2
BRF:23
BRH:22
end_of_record
TN:
SF:C:\Users\Asavi\Documents\GitHub\Shoku\db\apikeys.js
FNF:0
FNH:0
DA:1,1
LF:1
LH:1
BRF:0
BRH:0
end_of_record
